c:\users\dustin\documents\github\ad_b3\visual studio\ad_b3\ad_b3\debug\ad_b3.pch
c:\users\dustin\documents\github\ad_b3\visual studio\ad_b3\ad_b3\debug\vc141.pdb
c:\users\dustin\documents\github\ad_b3\visual studio\ad_b3\ad_b3\debug\vc141.idb
c:\users\dustin\documents\github\ad_b3\visual studio\ad_b3\ad_b3\debug\stdafx.obj
c:\users\dustin\documents\github\ad_b3\visual studio\ad_b3\ad_b3\debug\main.obj
c:\users\dustin\documents\github\ad_b3\visual studio\ad_b3\ad_b3\debug\dvke.obj
c:\users\dustin\documents\github\ad_b3\visual studio\ad_b3\ad_b3\debug\geoko.obj
c:\users\dustin\documents\github\ad_b3\visual studio\ad_b3\ad_b3\debug\geonode.obj
c:\users\dustin\documents\github\ad_b3\visual studio\ad_b3\ad_b3\debug\dvk.obj
c:\users\dustin\appdata\local\temp\temp1_ad_b3-master.zip\ad_b3-master\visual studio\ad_b3\ad_b3\debug\ad_b3.pdb
c:\users\dustin\documents\github\ad_b3\visual studio\ad_b3\ad_b3\debug\ad_b3.res
c:\users\dustin\appdata\local\temp\temp1_ad_b3-master.zip\ad_b3-master\visual studio\ad_b3\ad_b3\debug\ad_b3.exe
c:\users\dustin\appdata\local\temp\temp1_ad_b3-master.zip\ad_b3-master\visual studio\ad_b3\ad_b3\debug\ad_b3.ilk
c:\users\dustin\documents\github\ad_b3\visual studio\ad_b3\ad_b3\debug\ad_b3.tlog\cl.command.1.tlog
c:\users\dustin\documents\github\ad_b3\visual studio\ad_b3\ad_b3\debug\ad_b3.tlog\cl.read.1.tlog
c:\users\dustin\documents\github\ad_b3\visual studio\ad_b3\ad_b3\debug\ad_b3.tlog\cl.write.1.tlog
c:\users\dustin\documents\github\ad_b3\visual studio\ad_b3\ad_b3\debug\ad_b3.tlog\link.command.1.tlog
c:\users\dustin\documents\github\ad_b3\visual studio\ad_b3\ad_b3\debug\ad_b3.tlog\link.read.1.tlog
c:\users\dustin\documents\github\ad_b3\visual studio\ad_b3\ad_b3\debug\ad_b3.tlog\link.write.1.tlog
c:\users\dustin\documents\github\ad_b3\visual studio\ad_b3\ad_b3\debug\ad_b3.tlog\rc.command.1.tlog
c:\users\dustin\documents\github\ad_b3\visual studio\ad_b3\ad_b3\debug\ad_b3.tlog\rc.read.1.tlog
c:\users\dustin\documents\github\ad_b3\visual studio\ad_b3\ad_b3\debug\ad_b3.tlog\rc.write.1.tlog
