  GEOKO.cpp
c:\users\dustin\documents\netbeansprojects\ad_b3\visual studio\ad_b3\ad_b3\geoko.h(40): error C3646: "filestring": Unbekannter Überschreibungsspezifizierer
c:\users\dustin\documents\netbeansprojects\ad_b3\visual studio\ad_b3\ad_b3\geoko.h(40): error C2059: Syntaxfehler: "("
c:\users\dustin\documents\netbeansprojects\ad_b3\visual studio\ad_b3\ad_b3\geoko.h(40): error C2238: Unerwartete(s) Token vor ";"
c:\users\dustin\documents\netbeansprojects\ad_b3\visual studio\ad_b3\ad_b3\geoko.cpp(35): error C2039: "filestring": Ist kein Element von "GEOKO"
  c:\users\dustin\documents\netbeansprojects\ad_b3\visual studio\ad_b3\ad_b3\geoko.h(5): note: Siehe Deklaration von "GEOKO"
c:\users\dustin\documents\netbeansprojects\ad_b3\visual studio\ad_b3\ad_b3\geoko.cpp(37): error C2065: "BrGr": nichtdeklarierter Bezeichner
c:\users\dustin\documents\netbeansprojects\ad_b3\visual studio\ad_b3\ad_b3\geoko.cpp(37): error C2065: "LaGr": nichtdeklarierter Bezeichner
c:\users\dustin\documents\netbeansprojects\ad_b3\visual studio\ad_b3\ad_b3\geoko.cpp(37): error C2065: "BrMin": nichtdeklarierter Bezeichner
c:\users\dustin\documents\netbeansprojects\ad_b3\visual studio\ad_b3\ad_b3\geoko.cpp(37): error C2065: "LaMin": nichtdeklarierter Bezeichner
c:\users\dustin\documents\netbeansprojects\ad_b3\visual studio\ad_b3\ad_b3\geoko.cpp(37): error C2065: "BrSec": nichtdeklarierter Bezeichner
c:\users\dustin\documents\netbeansprojects\ad_b3\visual studio\ad_b3\ad_b3\geoko.cpp(37): error C2065: "LaSec": nichtdeklarierter Bezeichner
  DVK.cpp
c:\users\dustin\documents\netbeansprojects\ad_b3\visual studio\ad_b3\ad_b3\geonode.h(27): warning C4200: Nicht dem Standard entsprechende Erweiterung: Null-Array in Struktur/Union
  c:\users\dustin\documents\netbeansprojects\ad_b3\visual studio\ad_b3\ad_b3\geonode.h(27): note: Dieser Member wird vom Standardkonstruktor oder Zuweisungsoperator für Kopieren/Verschieben ignoriert.
c:\users\dustin\documents\netbeansprojects\ad_b3\visual studio\ad_b3\ad_b3\dvk.cpp(345): error C2039: "file_string": Ist kein Element von "GEOKO"
  c:\users\dustin\documents\netbeansprojects\ad_b3\visual studio\ad_b3\ad_b3\geoko.h(5): note: Siehe Deklaration von "GEOKO"
  Code wird generiert...
  Kompilieren...
  GEONode.cpp
c:\users\dustin\documents\netbeansprojects\ad_b3\visual studio\ad_b3\ad_b3\geoko.h(40): error C3646: "filestring": Unbekannter Überschreibungsspezifizierer
c:\users\dustin\documents\netbeansprojects\ad_b3\visual studio\ad_b3\ad_b3\geoko.h(40): error C2059: Syntaxfehler: "("
c:\users\dustin\documents\netbeansprojects\ad_b3\visual studio\ad_b3\ad_b3\geoko.h(40): error C2238: Unerwartete(s) Token vor ";"
c:\users\dustin\documents\netbeansprojects\ad_b3\visual studio\ad_b3\ad_b3\geonode.h(27): warning C4200: Nicht dem Standard entsprechende Erweiterung: Null-Array in Struktur/Union
  c:\users\dustin\documents\netbeansprojects\ad_b3\visual studio\ad_b3\ad_b3\geonode.h(27): note: Dieser Member wird vom Standardkonstruktor oder Zuweisungsoperator für Kopieren/Verschieben ignoriert.
  Code wird generiert...
  Kompilieren...
  main.cpp
c:\users\dustin\documents\netbeansprojects\ad_b3\visual studio\ad_b3\ad_b3\geonode.h(27): warning C4200: Nicht dem Standard entsprechende Erweiterung: Null-Array in Struktur/Union
  c:\users\dustin\documents\netbeansprojects\ad_b3\visual studio\ad_b3\ad_b3\geonode.h(27): note: Dieser Member wird vom Standardkonstruktor oder Zuweisungsoperator für Kopieren/Verschieben ignoriert.
  Code wird generiert...
